[2024-11-15 08:46:38,788] INFO Reading configuration from: ./kafka_2.12-2.6.0/config/zookeeper.properties (org.apache.zookeeper.server.quorum.QuorumPeerConfig)
[2024-11-15 08:46:38,791] INFO clientPortAddress is 0.0.0.0:2181 (org.apache.zookeeper.server.quorum.QuorumPeerConfig)
[2024-11-15 08:46:38,791] INFO secureClientPort is not set (org.apache.zookeeper.server.quorum.QuorumPeerConfig)
[2024-11-15 08:46:38,795] INFO autopurge.snapRetainCount set to 3 (org.apache.zookeeper.server.DatadirCleanupManager)
[2024-11-15 08:46:38,795] INFO autopurge.purgeInterval set to 0 (org.apache.zookeeper.server.DatadirCleanupManager)
[2024-11-15 08:46:38,795] INFO Purge task is not scheduled. (org.apache.zookeeper.server.DatadirCleanupManager)
[2024-11-15 08:46:38,795] WARN Either no config or no quorum defined in config, running  in standalone mode (org.apache.zookeeper.server.quorum.QuorumPeerMain)
[2024-11-15 08:46:38,802] INFO Log4j 1.2 jmx support found and enabled. (org.apache.zookeeper.jmx.ManagedUtil)
[2024-11-15 08:46:38,827] INFO Reading configuration from: ./kafka_2.12-2.6.0/config/zookeeper.properties (org.apache.zookeeper.server.quorum.QuorumPeerConfig)
[2024-11-15 08:46:38,827] INFO clientPortAddress is 0.0.0.0:2181 (org.apache.zookeeper.server.quorum.QuorumPeerConfig)
[2024-11-15 08:46:38,827] INFO secureClientPort is not set (org.apache.zookeeper.server.quorum.QuorumPeerConfig)
[2024-11-15 08:46:38,828] INFO Starting server (org.apache.zookeeper.server.ZooKeeperServerMain)
[2024-11-15 08:46:38,831] INFO zookeeper.snapshot.trust.empty : false (org.apache.zookeeper.server.persistence.FileTxnSnapLog)
[2024-11-15 08:46:38,846] INFO Server environment:zookeeper.version=3.5.8-f439ca583e70862c3068a1f2a7d4d068eec33315, built on 05/04/2020 15:53 GMT (org.apache.zookeeper.server.ZooKeeperServer)
[2024-11-15 08:46:38,846] INFO Server environment:host.name=localhost (org.apache.zookeeper.server.ZooKeeperServer)
[2024-11-15 08:46:38,846] INFO Server environment:java.version=21.0.4 (org.apache.zookeeper.server.ZooKeeperServer)
[2024-11-15 08:46:38,846] INFO Server environment:java.vendor=Microsoft (org.apache.zookeeper.server.ZooKeeperServer)
[2024-11-15 08:46:38,847] INFO Server environment:java.home=/usr/local/sdkman/candidates/java/21.0.4-ms (org.apache.zookeeper.server.ZooKeeperServer)
[2024-11-15 08:46:38,847] INFO Server environment:java.class.path=/workspaces/Real-Time-Data-Streaming/kafka_2.12-2.6.0/bin/../libs/activation-1.1.1.jar:/workspaces/Real-Time-Data-Streaming/kafka_2.12-2.6.0/bin/../libs/aopalliance-repackaged-2.5.0.jar:/workspaces/Real-Time-Data-Streaming/kafka_2.12-2.6.0/bin/../libs/argparse4j-0.7.0.jar:/workspaces/Real-Time-Data-Streaming/kafka_2.12-2.6.0/bin/../libs/audience-annotations-0.5.0.jar:/workspaces/Real-Time-Data-Streaming/kafka_2.12-2.6.0/bin/../libs/commons-cli-1.4.jar:/workspaces/Real-Time-Data-Streaming/kafka_2.12-2.6.0/bin/../libs/commons-lang3-3.8.1.jar:/workspaces/Real-Time-Data-Streaming/kafka_2.12-2.6.0/bin/../libs/connect-api-2.6.0.jar:/workspaces/Real-Time-Data-Streaming/kafka_2.12-2.6.0/bin/../libs/connect-basic-auth-extension-2.6.0.jar:/workspaces/Real-Time-Data-Streaming/kafka_2.12-2.6.0/bin/../libs/connect-file-2.6.0.jar:/workspaces/Real-Time-Data-Streaming/kafka_2.12-2.6.0/bin/../libs/connect-json-2.6.0.jar:/workspaces/Real-Time-Data-Streaming/kafka_2.12-2.6.0/bin/../libs/connect-mirror-2.6.0.jar:/workspaces/Real-Time-Data-Streaming/kafka_2.12-2.6.0/bin/../libs/connect-mirror-client-2.6.0.jar:/workspaces/Real-Time-Data-Streaming/kafka_2.12-2.6.0/bin/../libs/connect-runtime-2.6.0.jar:/workspaces/Real-Time-Data-Streaming/kafka_2.12-2.6.0/bin/../libs/connect-transforms-2.6.0.jar:/workspaces/Real-Time-Data-Streaming/kafka_2.12-2.6.0/bin/../libs/hk2-api-2.5.0.jar:/workspaces/Real-Time-Data-Streaming/kafka_2.12-2.6.0/bin/../libs/hk2-locator-2.5.0.jar:/workspaces/Real-Time-Data-Streaming/kafka_2.12-2.6.0/bin/../libs/hk2-utils-2.5.0.jar:/workspaces/Real-Time-Data-Streaming/kafka_2.12-2.6.0/bin/../libs/jackson-annotations-2.10.2.jar:/workspaces/Real-Time-Data-Streaming/kafka_2.12-2.6.0/bin/../libs/jackson-core-2.10.2.jar:/workspaces/Real-Time-Data-Streaming/kafka_2.12-2.6.0/bin/../libs/jackson-databind-2.10.2.jar:/workspaces/Real-Time-Data-Streaming/kafka_2.12-2.6.0/bin/../libs/jackson-dataformat-csv-2.10.2.jar:/workspaces/Real-Time-Data-Streaming/kafka_2.12-2.6.0/bin/../libs/jackson-datatype-jdk8-2.10.2.jar:/workspaces/Real-Time-Data-Streaming/kafka_2.12-2.6.0/bin/../libs/jackson-jaxrs-base-2.10.2.jar:/workspaces/Real-Time-Data-Streaming/kafka_2.12-2.6.0/bin/../libs/jackson-jaxrs-json-provider-2.10.2.jar:/workspaces/Real-Time-Data-Streaming/kafka_2.12-2.6.0/bin/../libs/jackson-module-jaxb-annotations-2.10.2.jar:/workspaces/Real-Time-Data-Streaming/kafka_2.12-2.6.0/bin/../libs/jackson-module-paranamer-2.10.2.jar:/workspaces/Real-Time-Data-Streaming/kafka_2.12-2.6.0/bin/../libs/jackson-module-scala_2.12-2.10.2.jar:/workspaces/Real-Time-Data-Streaming/kafka_2.12-2.6.0/bin/../libs/jakarta.activation-api-1.2.1.jar:/workspaces/Real-Time-Data-Streaming/kafka_2.12-2.6.0/bin/../libs/jakarta.annotation-api-1.3.4.jar:/workspaces/Real-Time-Data-Streaming/kafka_2.12-2.6.0/bin/../libs/jakarta.inject-2.5.0.jar:/workspaces/Real-Time-Data-Streaming/kafka_2.12-2.6.0/bin/../libs/jakarta.ws.rs-api-2.1.5.jar:/workspaces/Real-Time-Data-Streaming/kafka_2.12-2.6.0/bin/../libs/jakarta.xml.bind-api-2.3.2.jar:/workspaces/Real-Time-Data-Streaming/kafka_2.12-2.6.0/bin/../libs/javassist-3.22.0-CR2.jar:/workspaces/Real-Time-Data-Streaming/kafka_2.12-2.6.0/bin/../libs/javassist-3.26.0-GA.jar:/workspaces/Real-Time-Data-Streaming/kafka_2.12-2.6.0/bin/../libs/javax.servlet-api-3.1.0.jar:/workspaces/Real-Time-Data-Streaming/kafka_2.12-2.6.0/bin/../libs/javax.ws.rs-api-2.1.1.jar:/workspaces/Real-Time-Data-Streaming/kafka_2.12-2.6.0/bin/../libs/jaxb-api-2.3.0.jar:/workspaces/Real-Time-Data-Streaming/kafka_2.12-2.6.0/bin/../libs/jersey-client-2.28.jar:/workspaces/Real-Time-Data-Streaming/kafka_2.12-2.6.0/bin/../libs/jersey-common-2.28.jar:/workspaces/Real-Time-Data-Streaming/kafka_2.12-2.6.0/bin/../libs/jersey-container-servlet-2.28.jar:/workspaces/Real-Time-Data-Streaming/kafka_2.12-2.6.0/bin/../libs/jersey-container-servlet-core-2.28.jar:/workspaces/Real-Time-Data-Streaming/kafka_2.12-2.6.0/bin/../libs/jersey-hk2-2.28.jar:/workspaces/Real-Time-Data-Streaming/kafka_2.12-2.6.0/bin/../libs/jersey-media-jaxb-2.28.jar:/workspaces/Real-Time-Data-Streaming/kafka_2.12-2.6.0/bin/../libs/jersey-server-2.28.jar:/workspaces/Real-Time-Data-Streaming/kafka_2.12-2.6.0/bin/../libs/jetty-client-9.4.24.v20191120.jar:/workspaces/Real-Time-Data-Streaming/kafka_2.12-2.6.0/bin/../libs/jetty-continuation-9.4.24.v20191120.jar:/workspaces/Real-Time-Data-Streaming/kafka_2.12-2.6.0/bin/../libs/jetty-http-9.4.24.v20191120.jar:/workspaces/Real-Time-Data-Streaming/kafka_2.12-2.6.0/bin/../libs/jetty-io-9.4.24.v20191120.jar:/workspaces/Real-Time-Data-Streaming/kafka_2.12-2.6.0/bin/../libs/jetty-security-9.4.24.v20191120.jar:/workspaces/Real-Time-Data-Streaming/kafka_2.12-2.6.0/bin/../libs/jetty-server-9.4.24.v20191120.jar:/workspaces/Real-Time-Data-Streaming/kafka_2.12-2.6.0/bin/../libs/jetty-servlet-9.4.24.v20191120.jar:/workspaces/Real-Time-Data-Streaming/kafka_2.12-2.6.0/bin/../libs/jetty-servlets-9.4.24.v20191120.jar:/workspaces/Real-Time-Data-Streaming/kafka_2.12-2.6.0/bin/../libs/jetty-util-9.4.24.v20191120.jar:/workspaces/Real-Time-Data-Streaming/kafka_2.12-2.6.0/bin/../libs/jopt-simple-5.0.4.jar:/workspaces/Real-Time-Data-Streaming/kafka_2.12-2.6.0/bin/../libs/kafka-clients-2.6.0.jar:/workspaces/Real-Time-Data-Streaming/kafka_2.12-2.6.0/bin/../libs/kafka-log4j-appender-2.6.0.jar:/workspaces/Real-Time-Data-Streaming/kafka_2.12-2.6.0/bin/../libs/kafka-streams-2.6.0.jar:/workspaces/Real-Time-Data-Streaming/kafka_2.12-2.6.0/bin/../libs/kafka-streams-examples-2.6.0.jar:/workspaces/Real-Time-Data-Streaming/kafka_2.12-2.6.0/bin/../libs/kafka-streams-scala_2.12-2.6.0.jar:/workspaces/Real-Time-Data-Streaming/kafka_2.12-2.6.0/bin/../libs/kafka-streams-test-utils-2.6.0.jar:/workspaces/Real-Time-Data-Streaming/kafka_2.12-2.6.0/bin/../libs/kafka-tools-2.6.0.jar:/workspaces/Real-Time-Data-Streaming/kafka_2.12-2.6.0/bin/../libs/kafka_2.12-2.6.0-sources.jar:/workspaces/Real-Time-Data-Streaming/kafka_2.12-2.6.0/bin/../libs/kafka_2.12-2.6.0.jar:/workspaces/Real-Time-Data-Streaming/kafka_2.12-2.6.0/bin/../libs/log4j-1.2.17.jar:/workspaces/Real-Time-Data-Streaming/kafka_2.12-2.6.0/bin/../libs/lz4-java-1.7.1.jar:/workspaces/Real-Time-Data-Streaming/kafka_2.12-2.6.0/bin/../libs/maven-artifact-3.6.3.jar:/workspaces/Real-Time-Data-Streaming/kafka_2.12-2.6.0/bin/../libs/metrics-core-2.2.0.jar:/workspaces/Real-Time-Data-Streaming/kafka_2.12-2.6.0/bin/../libs/netty-buffer-4.1.50.Final.jar:/workspaces/Real-Time-Data-Streaming/kafka_2.12-2.6.0/bin/../libs/netty-codec-4.1.50.Final.jar:/workspaces/Real-Time-Data-Streaming/kafka_2.12-2.6.0/bin/../libs/netty-common-4.1.50.Final.jar:/workspaces/Real-Time-Data-Streaming/kafka_2.12-2.6.0/bin/../libs/netty-handler-4.1.50.Final.jar:/workspaces/Real-Time-Data-Streaming/kafka_2.12-2.6.0/bin/../libs/netty-resolver-4.1.50.Final.jar:/workspaces/Real-Time-Data-Streaming/kafka_2.12-2.6.0/bin/../libs/netty-transport-4.1.50.Final.jar:/workspaces/Real-Time-Data-Streaming/kafka_2.12-2.6.0/bin/../libs/netty-transport-native-epoll-4.1.50.Final.jar:/workspaces/Real-Time-Data-Streaming/kafka_2.12-2.6.0/bin/../libs/netty-transport-native-unix-common-4.1.50.Final.jar:/workspaces/Real-Time-Data-Streaming/kafka_2.12-2.6.0/bin/../libs/osgi-resource-locator-1.0.1.jar:/workspaces/Real-Time-Data-Streaming/kafka_2.12-2.6.0/bin/../libs/paranamer-2.8.jar:/workspaces/Real-Time-Data-Streaming/kafka_2.12-2.6.0/bin/../libs/plexus-utils-3.2.1.jar:/workspaces/Real-Time-Data-Streaming/kafka_2.12-2.6.0/bin/../libs/reflections-0.9.12.jar:/workspaces/Real-Time-Data-Streaming/kafka_2.12-2.6.0/bin/../libs/rocksdbjni-5.18.4.jar:/workspaces/Real-Time-Data-Streaming/kafka_2.12-2.6.0/bin/../libs/scala-collection-compat_2.12-2.1.6.jar:/workspaces/Real-Time-Data-Streaming/kafka_2.12-2.6.0/bin/../libs/scala-java8-compat_2.12-0.9.1.jar:/workspaces/Real-Time-Data-Streaming/kafka_2.12-2.6.0/bin/../libs/scala-library-2.12.11.jar:/workspaces/Real-Time-Data-Streaming/kafka_2.12-2.6.0/bin/../libs/scala-logging_2.12-3.9.2.jar:/workspaces/Real-Time-Data-Streaming/kafka_2.12-2.6.0/bin/../libs/scala-reflect-2.12.11.jar:/workspaces/Real-Time-Data-Streaming/kafka_2.12-2.6.0/bin/../libs/slf4j-api-1.7.30.jar:/workspaces/Real-Time-Data-Streaming/kafka_2.12-2.6.0/bin/../libs/slf4j-log4j12-1.7.30.jar:/workspaces/Real-Time-Data-Streaming/kafka_2.12-2.6.0/bin/../libs/snappy-java-1.1.7.3.jar:/workspaces/Real-Time-Data-Streaming/kafka_2.12-2.6.0/bin/../libs/validation-api-2.0.1.Final.jar:/workspaces/Real-Time-Data-Streaming/kafka_2.12-2.6.0/bin/../libs/zookeeper-3.5.8.jar:/workspaces/Real-Time-Data-Streaming/kafka_2.12-2.6.0/bin/../libs/zookeeper-jute-3.5.8.jar:/workspaces/Real-Time-Data-Streaming/kafka_2.12-2.6.0/bin/../libs/zstd-jni-1.4.4-7.jar (org.apache.zookeeper.server.ZooKeeperServer)
[2024-11-15 08:46:38,848] INFO Server environment:java.library.path=/usr/java/packages/lib:/usr/lib64:/lib64:/lib:/usr/lib (org.apache.zookeeper.server.ZooKeeperServer)
[2024-11-15 08:46:38,848] INFO Server environment:java.io.tmpdir=/tmp (org.apache.zookeeper.server.ZooKeeperServer)
[2024-11-15 08:46:38,848] INFO Server environment:java.compiler=<NA> (org.apache.zookeeper.server.ZooKeeperServer)
[2024-11-15 08:46:38,848] INFO Server environment:os.name=Linux (org.apache.zookeeper.server.ZooKeeperServer)
[2024-11-15 08:46:38,848] INFO Server environment:os.arch=amd64 (org.apache.zookeeper.server.ZooKeeperServer)
[2024-11-15 08:46:38,848] INFO Server environment:os.version=6.5.0-1025-azure (org.apache.zookeeper.server.ZooKeeperServer)
[2024-11-15 08:46:38,848] INFO Server environment:user.name=codespace (org.apache.zookeeper.server.ZooKeeperServer)
[2024-11-15 08:46:38,849] INFO Server environment:user.home=/home/codespace (org.apache.zookeeper.server.ZooKeeperServer)
[2024-11-15 08:46:38,849] INFO Server environment:user.dir=/workspaces/Real-Time-Data-Streaming (org.apache.zookeeper.server.ZooKeeperServer)
[2024-11-15 08:46:38,850] INFO Server environment:os.memory.free=494MB (org.apache.zookeeper.server.ZooKeeperServer)
[2024-11-15 08:46:38,850] INFO Server environment:os.memory.max=512MB (org.apache.zookeeper.server.ZooKeeperServer)
[2024-11-15 08:46:38,850] INFO Server environment:os.memory.total=512MB (org.apache.zookeeper.server.ZooKeeperServer)
[2024-11-15 08:46:38,851] INFO minSessionTimeout set to 6000 (org.apache.zookeeper.server.ZooKeeperServer)
[2024-11-15 08:46:38,852] INFO maxSessionTimeout set to 60000 (org.apache.zookeeper.server.ZooKeeperServer)
[2024-11-15 08:46:38,852] INFO Created server with tickTime 3000 minSessionTimeout 6000 maxSessionTimeout 60000 datadir /tmp/zookeeper/version-2 snapdir /tmp/zookeeper/version-2 (org.apache.zookeeper.server.ZooKeeperServer)
[2024-11-15 08:46:38,881] INFO Using org.apache.zookeeper.server.NIOServerCnxnFactory as server connection factory (org.apache.zookeeper.server.ServerCnxnFactory)
[2024-11-15 08:46:38,887] INFO Configuring NIO connection handler with 10s sessionless connection timeout, 1 selector thread(s), 4 worker threads, and 64 kB direct buffers. (org.apache.zookeeper.server.NIOServerCnxnFactory)
[2024-11-15 08:46:38,895] INFO binding to port 0.0.0.0/0.0.0.0:2181 (org.apache.zookeeper.server.NIOServerCnxnFactory)
[2024-11-15 08:46:38,910] INFO zookeeper.snapshotSizeFactor = 0.33 (org.apache.zookeeper.server.ZKDatabase)
[2024-11-15 08:46:38,913] INFO Snapshotting: 0x0 to /tmp/zookeeper/version-2/snapshot.0 (org.apache.zookeeper.server.persistence.FileTxnSnapLog)
[2024-11-15 08:46:38,916] INFO Snapshotting: 0x0 to /tmp/zookeeper/version-2/snapshot.0 (org.apache.zookeeper.server.persistence.FileTxnSnapLog)
[2024-11-15 08:46:38,931] INFO Using checkIntervalMs=60000 maxPerMinute=10000 (org.apache.zookeeper.server.ContainerManager)
[2024-11-15 08:46:45,059] INFO Registered kafka:type=kafka.Log4jController MBean (kafka.utils.Log4jControllerRegistration$)
[2024-11-15 08:46:45,342] INFO Setting -D jdk.tls.rejectClientInitiatedRenegotiation=true to disable client-initiated TLS renegotiation (org.apache.zookeeper.common.X509Util)
[2024-11-15 08:46:45,388] INFO Registered signal handlers for TERM, INT, HUP (org.apache.kafka.common.utils.LoggingSignalHandler)
[2024-11-15 08:46:45,392] INFO starting (kafka.server.KafkaServer)
[2024-11-15 08:46:45,396] INFO Connecting to zookeeper on localhost:2181 (kafka.server.KafkaServer)
[2024-11-15 08:46:45,410] INFO [ZooKeeperClient Kafka server] Initializing a new session to localhost:2181. (kafka.zookeeper.ZooKeeperClient)
[2024-11-15 08:46:45,413] INFO Client environment:zookeeper.version=3.5.8-f439ca583e70862c3068a1f2a7d4d068eec33315, built on 05/04/2020 15:53 GMT (org.apache.zookeeper.ZooKeeper)
[2024-11-15 08:46:45,413] INFO Client environment:host.name=localhost (org.apache.zookeeper.ZooKeeper)
[2024-11-15 08:46:45,413] INFO Client environment:java.version=21.0.4 (org.apache.zookeeper.ZooKeeper)
[2024-11-15 08:46:45,413] INFO Client environment:java.vendor=Microsoft (org.apache.zookeeper.ZooKeeper)
[2024-11-15 08:46:45,414] INFO Client environment:java.home=/usr/local/sdkman/candidates/java/21.0.4-ms (org.apache.zookeeper.ZooKeeper)
[2024-11-15 08:46:45,414] INFO Client environment:java.class.path=/workspaces/Real-Time-Data-Streaming/kafka_2.12-2.6.0/bin/../libs/activation-1.1.1.jar:/workspaces/Real-Time-Data-Streaming/kafka_2.12-2.6.0/bin/../libs/aopalliance-repackaged-2.5.0.jar:/workspaces/Real-Time-Data-Streaming/kafka_2.12-2.6.0/bin/../libs/argparse4j-0.7.0.jar:/workspaces/Real-Time-Data-Streaming/kafka_2.12-2.6.0/bin/../libs/audience-annotations-0.5.0.jar:/workspaces/Real-Time-Data-Streaming/kafka_2.12-2.6.0/bin/../libs/commons-cli-1.4.jar:/workspaces/Real-Time-Data-Streaming/kafka_2.12-2.6.0/bin/../libs/commons-lang3-3.8.1.jar:/workspaces/Real-Time-Data-Streaming/kafka_2.12-2.6.0/bin/../libs/connect-api-2.6.0.jar:/workspaces/Real-Time-Data-Streaming/kafka_2.12-2.6.0/bin/../libs/connect-basic-auth-extension-2.6.0.jar:/workspaces/Real-Time-Data-Streaming/kafka_2.12-2.6.0/bin/../libs/connect-file-2.6.0.jar:/workspaces/Real-Time-Data-Streaming/kafka_2.12-2.6.0/bin/../libs/connect-json-2.6.0.jar:/workspaces/Real-Time-Data-Streaming/kafka_2.12-2.6.0/bin/../libs/connect-mirror-2.6.0.jar:/workspaces/Real-Time-Data-Streaming/kafka_2.12-2.6.0/bin/../libs/connect-mirror-client-2.6.0.jar:/workspaces/Real-Time-Data-Streaming/kafka_2.12-2.6.0/bin/../libs/connect-runtime-2.6.0.jar:/workspaces/Real-Time-Data-Streaming/kafka_2.12-2.6.0/bin/../libs/connect-transforms-2.6.0.jar:/workspaces/Real-Time-Data-Streaming/kafka_2.12-2.6.0/bin/../libs/hk2-api-2.5.0.jar:/workspaces/Real-Time-Data-Streaming/kafka_2.12-2.6.0/bin/../libs/hk2-locator-2.5.0.jar:/workspaces/Real-Time-Data-Streaming/kafka_2.12-2.6.0/bin/../libs/hk2-utils-2.5.0.jar:/workspaces/Real-Time-Data-Streaming/kafka_2.12-2.6.0/bin/../libs/jackson-annotations-2.10.2.jar:/workspaces/Real-Time-Data-Streaming/kafka_2.12-2.6.0/bin/../libs/jackson-core-2.10.2.jar:/workspaces/Real-Time-Data-Streaming/kafka_2.12-2.6.0/bin/../libs/jackson-databind-2.10.2.jar:/workspaces/Real-Time-Data-Streaming/kafka_2.12-2.6.0/bin/../libs/jackson-dataformat-csv-2.10.2.jar:/workspaces/Real-Time-Data-Streaming/kafka_2.12-2.6.0/bin/../libs/jackson-datatype-jdk8-2.10.2.jar:/workspaces/Real-Time-Data-Streaming/kafka_2.12-2.6.0/bin/../libs/jackson-jaxrs-base-2.10.2.jar:/workspaces/Real-Time-Data-Streaming/kafka_2.12-2.6.0/bin/../libs/jackson-jaxrs-json-provider-2.10.2.jar:/workspaces/Real-Time-Data-Streaming/kafka_2.12-2.6.0/bin/../libs/jackson-module-jaxb-annotations-2.10.2.jar:/workspaces/Real-Time-Data-Streaming/kafka_2.12-2.6.0/bin/../libs/jackson-module-paranamer-2.10.2.jar:/workspaces/Real-Time-Data-Streaming/kafka_2.12-2.6.0/bin/../libs/jackson-module-scala_2.12-2.10.2.jar:/workspaces/Real-Time-Data-Streaming/kafka_2.12-2.6.0/bin/../libs/jakarta.activation-api-1.2.1.jar:/workspaces/Real-Time-Data-Streaming/kafka_2.12-2.6.0/bin/../libs/jakarta.annotation-api-1.3.4.jar:/workspaces/Real-Time-Data-Streaming/kafka_2.12-2.6.0/bin/../libs/jakarta.inject-2.5.0.jar:/workspaces/Real-Time-Data-Streaming/kafka_2.12-2.6.0/bin/../libs/jakarta.ws.rs-api-2.1.5.jar:/workspaces/Real-Time-Data-Streaming/kafka_2.12-2.6.0/bin/../libs/jakarta.xml.bind-api-2.3.2.jar:/workspaces/Real-Time-Data-Streaming/kafka_2.12-2.6.0/bin/../libs/javassist-3.22.0-CR2.jar:/workspaces/Real-Time-Data-Streaming/kafka_2.12-2.6.0/bin/../libs/javassist-3.26.0-GA.jar:/workspaces/Real-Time-Data-Streaming/kafka_2.12-2.6.0/bin/../libs/javax.servlet-api-3.1.0.jar:/workspaces/Real-Time-Data-Streaming/kafka_2.12-2.6.0/bin/../libs/javax.ws.rs-api-2.1.1.jar:/workspaces/Real-Time-Data-Streaming/kafka_2.12-2.6.0/bin/../libs/jaxb-api-2.3.0.jar:/workspaces/Real-Time-Data-Streaming/kafka_2.12-2.6.0/bin/../libs/jersey-client-2.28.jar:/workspaces/Real-Time-Data-Streaming/kafka_2.12-2.6.0/bin/../libs/jersey-common-2.28.jar:/workspaces/Real-Time-Data-Streaming/kafka_2.12-2.6.0/bin/../libs/jersey-container-servlet-2.28.jar:/workspaces/Real-Time-Data-Streaming/kafka_2.12-2.6.0/bin/../libs/jersey-container-servlet-core-2.28.jar:/workspaces/Real-Time-Data-Streaming/kafka_2.12-2.6.0/bin/../libs/jersey-hk2-2.28.jar:/workspaces/Real-Time-Data-Streaming/kafka_2.12-2.6.0/bin/../libs/jersey-media-jaxb-2.28.jar:/workspaces/Real-Time-Data-Streaming/kafka_2.12-2.6.0/bin/../libs/jersey-server-2.28.jar:/workspaces/Real-Time-Data-Streaming/kafka_2.12-2.6.0/bin/../libs/jetty-client-9.4.24.v20191120.jar:/workspaces/Real-Time-Data-Streaming/kafka_2.12-2.6.0/bin/../libs/jetty-continuation-9.4.24.v20191120.jar:/workspaces/Real-Time-Data-Streaming/kafka_2.12-2.6.0/bin/../libs/jetty-http-9.4.24.v20191120.jar:/workspaces/Real-Time-Data-Streaming/kafka_2.12-2.6.0/bin/../libs/jetty-io-9.4.24.v20191120.jar:/workspaces/Real-Time-Data-Streaming/kafka_2.12-2.6.0/bin/../libs/jetty-security-9.4.24.v20191120.jar:/workspaces/Real-Time-Data-Streaming/kafka_2.12-2.6.0/bin/../libs/jetty-server-9.4.24.v20191120.jar:/workspaces/Real-Time-Data-Streaming/kafka_2.12-2.6.0/bin/../libs/jetty-servlet-9.4.24.v20191120.jar:/workspaces/Real-Time-Data-Streaming/kafka_2.12-2.6.0/bin/../libs/jetty-servlets-9.4.24.v20191120.jar:/workspaces/Real-Time-Data-Streaming/kafka_2.12-2.6.0/bin/../libs/jetty-util-9.4.24.v20191120.jar:/workspaces/Real-Time-Data-Streaming/kafka_2.12-2.6.0/bin/../libs/jopt-simple-5.0.4.jar:/workspaces/Real-Time-Data-Streaming/kafka_2.12-2.6.0/bin/../libs/kafka-clients-2.6.0.jar:/workspaces/Real-Time-Data-Streaming/kafka_2.12-2.6.0/bin/../libs/kafka-log4j-appender-2.6.0.jar:/workspaces/Real-Time-Data-Streaming/kafka_2.12-2.6.0/bin/../libs/kafka-streams-2.6.0.jar:/workspaces/Real-Time-Data-Streaming/kafka_2.12-2.6.0/bin/../libs/kafka-streams-examples-2.6.0.jar:/workspaces/Real-Time-Data-Streaming/kafka_2.12-2.6.0/bin/../libs/kafka-streams-scala_2.12-2.6.0.jar:/workspaces/Real-Time-Data-Streaming/kafka_2.12-2.6.0/bin/../libs/kafka-streams-test-utils-2.6.0.jar:/workspaces/Real-Time-Data-Streaming/kafka_2.12-2.6.0/bin/../libs/kafka-tools-2.6.0.jar:/workspaces/Real-Time-Data-Streaming/kafka_2.12-2.6.0/bin/../libs/kafka_2.12-2.6.0-sources.jar:/workspaces/Real-Time-Data-Streaming/kafka_2.12-2.6.0/bin/../libs/kafka_2.12-2.6.0.jar:/workspaces/Real-Time-Data-Streaming/kafka_2.12-2.6.0/bin/../libs/log4j-1.2.17.jar:/workspaces/Real-Time-Data-Streaming/kafka_2.12-2.6.0/bin/../libs/lz4-java-1.7.1.jar:/workspaces/Real-Time-Data-Streaming/kafka_2.12-2.6.0/bin/../libs/maven-artifact-3.6.3.jar:/workspaces/Real-Time-Data-Streaming/kafka_2.12-2.6.0/bin/../libs/metrics-core-2.2.0.jar:/workspaces/Real-Time-Data-Streaming/kafka_2.12-2.6.0/bin/../libs/netty-buffer-4.1.50.Final.jar:/workspaces/Real-Time-Data-Streaming/kafka_2.12-2.6.0/bin/../libs/netty-codec-4.1.50.Final.jar:/workspaces/Real-Time-Data-Streaming/kafka_2.12-2.6.0/bin/../libs/netty-common-4.1.50.Final.jar:/workspaces/Real-Time-Data-Streaming/kafka_2.12-2.6.0/bin/../libs/netty-handler-4.1.50.Final.jar:/workspaces/Real-Time-Data-Streaming/kafka_2.12-2.6.0/bin/../libs/netty-resolver-4.1.50.Final.jar:/workspaces/Real-Time-Data-Streaming/kafka_2.12-2.6.0/bin/../libs/netty-transport-4.1.50.Final.jar:/workspaces/Real-Time-Data-Streaming/kafka_2.12-2.6.0/bin/../libs/netty-transport-native-epoll-4.1.50.Final.jar:/workspaces/Real-Time-Data-Streaming/kafka_2.12-2.6.0/bin/../libs/netty-transport-native-unix-common-4.1.50.Final.jar:/workspaces/Real-Time-Data-Streaming/kafka_2.12-2.6.0/bin/../libs/osgi-resource-locator-1.0.1.jar:/workspaces/Real-Time-Data-Streaming/kafka_2.12-2.6.0/bin/../libs/paranamer-2.8.jar:/workspaces/Real-Time-Data-Streaming/kafka_2.12-2.6.0/bin/../libs/plexus-utils-3.2.1.jar:/workspaces/Real-Time-Data-Streaming/kafka_2.12-2.6.0/bin/../libs/reflections-0.9.12.jar:/workspaces/Real-Time-Data-Streaming/kafka_2.12-2.6.0/bin/../libs/rocksdbjni-5.18.4.jar:/workspaces/Real-Time-Data-Streaming/kafka_2.12-2.6.0/bin/../libs/scala-collection-compat_2.12-2.1.6.jar:/workspaces/Real-Time-Data-Streaming/kafka_2.12-2.6.0/bin/../libs/scala-java8-compat_2.12-0.9.1.jar:/workspaces/Real-Time-Data-Streaming/kafka_2.12-2.6.0/bin/../libs/scala-library-2.12.11.jar:/workspaces/Real-Time-Data-Streaming/kafka_2.12-2.6.0/bin/../libs/scala-logging_2.12-3.9.2.jar:/workspaces/Real-Time-Data-Streaming/kafka_2.12-2.6.0/bin/../libs/scala-reflect-2.12.11.jar:/workspaces/Real-Time-Data-Streaming/kafka_2.12-2.6.0/bin/../libs/slf4j-api-1.7.30.jar:/workspaces/Real-Time-Data-Streaming/kafka_2.12-2.6.0/bin/../libs/slf4j-log4j12-1.7.30.jar:/workspaces/Real-Time-Data-Streaming/kafka_2.12-2.6.0/bin/../libs/snappy-java-1.1.7.3.jar:/workspaces/Real-Time-Data-Streaming/kafka_2.12-2.6.0/bin/../libs/validation-api-2.0.1.Final.jar:/workspaces/Real-Time-Data-Streaming/kafka_2.12-2.6.0/bin/../libs/zookeeper-3.5.8.jar:/workspaces/Real-Time-Data-Streaming/kafka_2.12-2.6.0/bin/../libs/zookeeper-jute-3.5.8.jar:/workspaces/Real-Time-Data-Streaming/kafka_2.12-2.6.0/bin/../libs/zstd-jni-1.4.4-7.jar (org.apache.zookeeper.ZooKeeper)
[2024-11-15 08:46:45,414] INFO Client environment:java.library.path=/usr/java/packages/lib:/usr/lib64:/lib64:/lib:/usr/lib (org.apache.zookeeper.ZooKeeper)
[2024-11-15 08:46:45,414] INFO Client environment:java.io.tmpdir=/tmp (org.apache.zookeeper.ZooKeeper)
[2024-11-15 08:46:45,415] INFO Client environment:java.compiler=<NA> (org.apache.zookeeper.ZooKeeper)
[2024-11-15 08:46:45,415] INFO Client environment:os.name=Linux (org.apache.zookeeper.ZooKeeper)
[2024-11-15 08:46:45,415] INFO Client environment:os.arch=amd64 (org.apache.zookeeper.ZooKeeper)
[2024-11-15 08:46:45,418] INFO Client environment:os.version=6.5.0-1025-azure (org.apache.zookeeper.ZooKeeper)
[2024-11-15 08:46:45,418] INFO Client environment:user.name=codespace (org.apache.zookeeper.ZooKeeper)
[2024-11-15 08:46:45,418] INFO Client environment:user.home=/home/codespace (org.apache.zookeeper.ZooKeeper)
[2024-11-15 08:46:45,418] INFO Client environment:user.dir=/workspaces/Real-Time-Data-Streaming (org.apache.zookeeper.ZooKeeper)
[2024-11-15 08:46:45,418] INFO Client environment:os.memory.free=989MB (org.apache.zookeeper.ZooKeeper)
[2024-11-15 08:46:45,418] INFO Client environment:os.memory.max=1024MB (org.apache.zookeeper.ZooKeeper)
[2024-11-15 08:46:45,419] INFO Client environment:os.memory.total=1024MB (org.apache.zookeeper.ZooKeeper)
[2024-11-15 08:46:45,420] INFO Initiating client connection, connectString=localhost:2181 sessionTimeout=18000 watcher=kafka.zookeeper.ZooKeeperClient$ZooKeeperClientWatcher$@75c56eb9 (org.apache.zookeeper.ZooKeeper)
[2024-11-15 08:46:45,434] INFO jute.maxbuffer value is 4194304 Bytes (org.apache.zookeeper.ClientCnxnSocket)
[2024-11-15 08:46:45,440] INFO zookeeper.request.timeout value is 0. feature enabled= (org.apache.zookeeper.ClientCnxn)
[2024-11-15 08:46:45,444] INFO [ZooKeeperClient Kafka server] Waiting until connected. (kafka.zookeeper.ZooKeeperClient)
[2024-11-15 08:46:45,447] INFO Opening socket connection to server localhost/127.0.0.1:2181. Will not attempt to authenticate using SASL (unknown error) (org.apache.zookeeper.ClientCnxn)
[2024-11-15 08:46:45,449] INFO Socket connection established, initiating session, client: /127.0.0.1:47228, server: localhost/127.0.0.1:2181 (org.apache.zookeeper.ClientCnxn)
[2024-11-15 08:46:45,459] INFO Creating new log file: log.1 (org.apache.zookeeper.server.persistence.FileTxnLog)
[2024-11-15 08:46:45,470] INFO Session establishment complete on server localhost/127.0.0.1:2181, sessionid = 0x1000012b2120000, negotiated timeout = 18000 (org.apache.zookeeper.ClientCnxn)
[2024-11-15 08:46:45,473] INFO [ZooKeeperClient Kafka server] Connected. (kafka.zookeeper.ZooKeeperClient)
[2024-11-15 08:46:45,685] INFO Cluster ID = RS1q38_6Rs6yzt-iOGARoQ (kafka.server.KafkaServer)
[2024-11-15 08:46:45,689] WARN No meta.properties file under dir /tmp/kafka-logs/meta.properties (kafka.server.BrokerMetadataCheckpoint)
[2024-11-15 08:46:45,732] INFO KafkaConfig values: 
	advertised.host.name = null
	advertised.listeners = null
	advertised.port = null
	alter.config.policy.class.name = null
	alter.log.dirs.replication.quota.window.num = 11
	alter.log.dirs.replication.quota.window.size.seconds = 1
	authorizer.class.name = 
	auto.create.topics.enable = true
	auto.leader.rebalance.enable = true
	background.threads = 10
	broker.id = 0
	broker.id.generation.enable = true
	broker.rack = null
	client.quota.callback.class = null
	compression.type = producer
	connection.failed.authentication.delay.ms = 100
	connections.max.idle.ms = 600000
	connections.max.reauth.ms = 0
	control.plane.listener.name = null
	controlled.shutdown.enable = true
	controlled.shutdown.max.retries = 3
	controlled.shutdown.retry.backoff.ms = 5000
	controller.socket.timeout.ms = 30000
	create.topic.policy.class.name = null
	default.replication.factor = 1
	delegation.token.expiry.check.interval.ms = 3600000
	delegation.token.expiry.time.ms = 86400000
	delegation.token.master.key = null
	delegation.token.max.lifetime.ms = 604800000
	delete.records.purgatory.purge.interval.requests = 1
	delete.topic.enable = true
	fetch.max.bytes = 57671680
	fetch.purgatory.purge.interval.requests = 1000
	group.initial.rebalance.delay.ms = 0
	group.max.session.timeout.ms = 1800000
	group.max.size = 2147483647
	group.min.session.timeout.ms = 6000
	host.name = 
	inter.broker.listener.name = null
	inter.broker.protocol.version = 2.6-IV0
	kafka.metrics.polling.interval.secs = 10
	kafka.metrics.reporters = []
	leader.imbalance.check.interval.seconds = 300
	leader.imbalance.per.broker.percentage = 10
	listener.security.protocol.map = PLAINTEXT:PLAINTEXT,SSL:SSL,SASL_PLAINTEXT:SASL_PLAINTEXT,SASL_SSL:SASL_SSL
	listeners = null
	log.cleaner.backoff.ms = 15000
	log.cleaner.dedupe.buffer.size = 134217728
	log.cleaner.delete.retention.ms = 86400000
	log.cleaner.enable = true
	log.cleaner.io.buffer.load.factor = 0.9
	log.cleaner.io.buffer.size = 524288
	log.cleaner.io.max.bytes.per.second = 1.7976931348623157E308
	log.cleaner.max.compaction.lag.ms = 9223372036854775807
	log.cleaner.min.cleanable.ratio = 0.5
	log.cleaner.min.compaction.lag.ms = 0
	log.cleaner.threads = 1
	log.cleanup.policy = [delete]
	log.dir = /tmp/kafka-logs
	log.dirs = /tmp/kafka-logs
	log.flush.interval.messages = 9223372036854775807
	log.flush.interval.ms = null
	log.flush.offset.checkpoint.interval.ms = 60000
	log.flush.scheduler.interval.ms = 9223372036854775807
	log.flush.start.offset.checkpoint.interval.ms = 60000
	log.index.interval.bytes = 4096
	log.index.size.max.bytes = 10485760
	log.message.downconversion.enable = true
	log.message.format.version = 2.6-IV0
	log.message.timestamp.difference.max.ms = 9223372036854775807
	log.message.timestamp.type = CreateTime
	log.preallocate = false
	log.retention.bytes = -1
	log.retention.check.interval.ms = 300000
	log.retention.hours = 168
	log.retention.minutes = null
	log.retention.ms = null
	log.roll.hours = 168
	log.roll.jitter.hours = 0
	log.roll.jitter.ms = null
	log.roll.ms = null
	log.segment.bytes = 1073741824
	log.segment.delete.delay.ms = 60000
	max.connections = 2147483647
	max.connections.per.ip = 2147483647
	max.connections.per.ip.overrides = 
	max.incremental.fetch.session.cache.slots = 1000
	message.max.bytes = 1048588
	metric.reporters = []
	metrics.num.samples = 2
	metrics.recording.level = INFO
	metrics.sample.window.ms = 30000
	min.insync.replicas = 1
	num.io.threads = 8
	num.network.threads = 3
	num.partitions = 1
	num.recovery.threads.per.data.dir = 1
	num.replica.alter.log.dirs.threads = null
	num.replica.fetchers = 1
	offset.metadata.max.bytes = 4096
	offsets.commit.required.acks = -1
	offsets.commit.timeout.ms = 5000
	offsets.load.buffer.size = 5242880
	offsets.retention.check.interval.ms = 600000
	offsets.retention.minutes = 10080
	offsets.topic.compression.codec = 0
	offsets.topic.num.partitions = 50
	offsets.topic.replication.factor = 1
	offsets.topic.segment.bytes = 104857600
	password.encoder.cipher.algorithm = AES/CBC/PKCS5Padding
	password.encoder.iterations = 4096
	password.encoder.key.length = 128
	password.encoder.keyfactory.algorithm = null
	password.encoder.old.secret = null
	password.encoder.secret = null
	port = 9092
	principal.builder.class = null
	producer.purgatory.purge.interval.requests = 1000
	queued.max.request.bytes = -1
	queued.max.requests = 500
	quota.consumer.default = 9223372036854775807
	quota.producer.default = 9223372036854775807
	quota.window.num = 11
	quota.window.size.seconds = 1
	replica.fetch.backoff.ms = 1000
	replica.fetch.max.bytes = 1048576
	replica.fetch.min.bytes = 1
	replica.fetch.response.max.bytes = 10485760
	replica.fetch.wait.max.ms = 500
	replica.high.watermark.checkpoint.interval.ms = 5000
	replica.lag.time.max.ms = 30000
	replica.selector.class = null
	replica.socket.receive.buffer.bytes = 65536
	replica.socket.timeout.ms = 30000
	replication.quota.window.num = 11
	replication.quota.window.size.seconds = 1
	request.timeout.ms = 30000
	reserved.broker.max.id = 1000
	sasl.client.callback.handler.class = null
	sasl.enabled.mechanisms = [GSSAPI]
	sasl.jaas.config = null
	sasl.kerberos.kinit.cmd = /usr/bin/kinit
	sasl.kerberos.min.time.before.relogin = 60000
	sasl.kerberos.principal.to.local.rules = [DEFAULT]
	sasl.kerberos.service.name = null
	sasl.kerberos.ticket.renew.jitter = 0.05
	sasl.kerberos.ticket.renew.window.factor = 0.8
	sasl.login.callback.handler.class = null
	sasl.login.class = null
	sasl.login.refresh.buffer.seconds = 300
	sasl.login.refresh.min.period.seconds = 60
	sasl.login.refresh.window.factor = 0.8
	sasl.login.refresh.window.jitter = 0.05
	sasl.mechanism.inter.broker.protocol = GSSAPI
	sasl.server.callback.handler.class = null
	security.inter.broker.protocol = PLAINTEXT
	security.providers = null
	socket.receive.buffer.bytes = 102400
	socket.request.max.bytes = 104857600
	socket.send.buffer.bytes = 102400
	ssl.cipher.suites = []
	ssl.client.auth = none
	ssl.enabled.protocols = [TLSv1.2, TLSv1.3]
	ssl.endpoint.identification.algorithm = https
	ssl.engine.factory.class = null
	ssl.key.password = null
	ssl.keymanager.algorithm = SunX509
	ssl.keystore.location = null
	ssl.keystore.password = null
	ssl.keystore.type = JKS
	ssl.principal.mapping.rules = DEFAULT
	ssl.protocol = TLSv1.3
	ssl.provider = null
	ssl.secure.random.implementation = null
	ssl.trustmanager.algorithm = PKIX
	ssl.truststore.location = null
	ssl.truststore.password = null
	ssl.truststore.type = JKS
	transaction.abort.timed.out.transaction.cleanup.interval.ms = 10000
	transaction.max.timeout.ms = 900000
	transaction.remove.expired.transaction.cleanup.interval.ms = 3600000
	transaction.state.log.load.buffer.size = 5242880
	transaction.state.log.min.isr = 1
	transaction.state.log.num.partitions = 50
	transaction.state.log.replication.factor = 1
	transaction.state.log.segment.bytes = 104857600
	transactional.id.expiration.ms = 604800000
	unclean.leader.election.enable = false
	zookeeper.clientCnxnSocket = null
	zookeeper.connect = localhost:2181
	zookeeper.connection.timeout.ms = 18000
	zookeeper.max.in.flight.requests = 10
	zookeeper.session.timeout.ms = 18000
	zookeeper.set.acl = false
	zookeeper.ssl.cipher.suites = null
	zookeeper.ssl.client.enable = false
	zookeeper.ssl.crl.enable = false
	zookeeper.ssl.enabled.protocols = null
	zookeeper.ssl.endpoint.identification.algorithm = HTTPS
	zookeeper.ssl.keystore.location = null
	zookeeper.ssl.keystore.password = null
	zookeeper.ssl.keystore.type = null
	zookeeper.ssl.ocsp.enable = false
	zookeeper.ssl.protocol = TLSv1.2
	zookeeper.ssl.truststore.location = null
	zookeeper.ssl.truststore.password = null
	zookeeper.ssl.truststore.type = null
	zookeeper.sync.time.ms = 2000
 (kafka.server.KafkaConfig)
[2024-11-15 08:46:45,753] INFO KafkaConfig values: 
	advertised.host.name = null
	advertised.listeners = null
	advertised.port = null
	alter.config.policy.class.name = null
	alter.log.dirs.replication.quota.window.num = 11
	alter.log.dirs.replication.quota.window.size.seconds = 1
	authorizer.class.name = 
	auto.create.topics.enable = true
	auto.leader.rebalance.enable = true
	background.threads = 10
	broker.id = 0
	broker.id.generation.enable = true
	broker.rack = null
	client.quota.callback.class = null
	compression.type = producer
	connection.failed.authentication.delay.ms = 100
	connections.max.idle.ms = 600000
	connections.max.reauth.ms = 0
	control.plane.listener.name = null
	controlled.shutdown.enable = true
	controlled.shutdown.max.retries = 3
	controlled.shutdown.retry.backoff.ms = 5000
	controller.socket.timeout.ms = 30000
	create.topic.policy.class.name = null
	default.replication.factor = 1
	delegation.token.expiry.check.interval.ms = 3600000
	delegation.token.expiry.time.ms = 86400000
	delegation.token.master.key = null
	delegation.token.max.lifetime.ms = 604800000
	delete.records.purgatory.purge.interval.requests = 1
	delete.topic.enable = true
	fetch.max.bytes = 57671680
	fetch.purgatory.purge.interval.requests = 1000
	group.initial.rebalance.delay.ms = 0
	group.max.session.timeout.ms = 1800000
	group.max.size = 2147483647
	group.min.session.timeout.ms = 6000
	host.name = 
	inter.broker.listener.name = null
	inter.broker.protocol.version = 2.6-IV0
	kafka.metrics.polling.interval.secs = 10
	kafka.metrics.reporters = []
	leader.imbalance.check.interval.seconds = 300
	leader.imbalance.per.broker.percentage = 10
	listener.security.protocol.map = PLAINTEXT:PLAINTEXT,SSL:SSL,SASL_PLAINTEXT:SASL_PLAINTEXT,SASL_SSL:SASL_SSL
	listeners = null
	log.cleaner.backoff.ms = 15000
	log.cleaner.dedupe.buffer.size = 134217728
	log.cleaner.delete.retention.ms = 86400000
	log.cleaner.enable = true
	log.cleaner.io.buffer.load.factor = 0.9
	log.cleaner.io.buffer.size = 524288
	log.cleaner.io.max.bytes.per.second = 1.7976931348623157E308
	log.cleaner.max.compaction.lag.ms = 9223372036854775807
	log.cleaner.min.cleanable.ratio = 0.5
	log.cleaner.min.compaction.lag.ms = 0
	log.cleaner.threads = 1
	log.cleanup.policy = [delete]
	log.dir = /tmp/kafka-logs
	log.dirs = /tmp/kafka-logs
	log.flush.interval.messages = 9223372036854775807
	log.flush.interval.ms = null
	log.flush.offset.checkpoint.interval.ms = 60000
	log.flush.scheduler.interval.ms = 9223372036854775807
	log.flush.start.offset.checkpoint.interval.ms = 60000
	log.index.interval.bytes = 4096
	log.index.size.max.bytes = 10485760
	log.message.downconversion.enable = true
	log.message.format.version = 2.6-IV0
	log.message.timestamp.difference.max.ms = 9223372036854775807
	log.message.timestamp.type = CreateTime
	log.preallocate = false
	log.retention.bytes = -1
	log.retention.check.interval.ms = 300000
	log.retention.hours = 168
	log.retention.minutes = null
	log.retention.ms = null
	log.roll.hours = 168
	log.roll.jitter.hours = 0
	log.roll.jitter.ms = null
	log.roll.ms = null
	log.segment.bytes = 1073741824
	log.segment.delete.delay.ms = 60000
	max.connections = 2147483647
	max.connections.per.ip = 2147483647
	max.connections.per.ip.overrides = 
	max.incremental.fetch.session.cache.slots = 1000
	message.max.bytes = 1048588
	metric.reporters = []
	metrics.num.samples = 2
	metrics.recording.level = INFO
	metrics.sample.window.ms = 30000
	min.insync.replicas = 1
	num.io.threads = 8
	num.network.threads = 3
	num.partitions = 1
	num.recovery.threads.per.data.dir = 1
	num.replica.alter.log.dirs.threads = null
	num.replica.fetchers = 1
	offset.metadata.max.bytes = 4096
	offsets.commit.required.acks = -1
	offsets.commit.timeout.ms = 5000
	offsets.load.buffer.size = 5242880
	offsets.retention.check.interval.ms = 600000
	offsets.retention.minutes = 10080
	offsets.topic.compression.codec = 0
	offsets.topic.num.partitions = 50
	offsets.topic.replication.factor = 1
	offsets.topic.segment.bytes = 104857600
	password.encoder.cipher.algorithm = AES/CBC/PKCS5Padding
	password.encoder.iterations = 4096
	password.encoder.key.length = 128
	password.encoder.keyfactory.algorithm = null
	password.encoder.old.secret = null
	password.encoder.secret = null
	port = 9092
	principal.builder.class = null
	producer.purgatory.purge.interval.requests = 1000
	queued.max.request.bytes = -1
	queued.max.requests = 500
	quota.consumer.default = 9223372036854775807
	quota.producer.default = 9223372036854775807
	quota.window.num = 11
	quota.window.size.seconds = 1
	replica.fetch.backoff.ms = 1000
	replica.fetch.max.bytes = 1048576
	replica.fetch.min.bytes = 1
	replica.fetch.response.max.bytes = 10485760
	replica.fetch.wait.max.ms = 500
	replica.high.watermark.checkpoint.interval.ms = 5000
	replica.lag.time.max.ms = 30000
	replica.selector.class = null
	replica.socket.receive.buffer.bytes = 65536
	replica.socket.timeout.ms = 30000
	replication.quota.window.num = 11
	replication.quota.window.size.seconds = 1
	request.timeout.ms = 30000
	reserved.broker.max.id = 1000
	sasl.client.callback.handler.class = null
	sasl.enabled.mechanisms = [GSSAPI]
	sasl.jaas.config = null
	sasl.kerberos.kinit.cmd = /usr/bin/kinit
	sasl.kerberos.min.time.before.relogin = 60000
	sasl.kerberos.principal.to.local.rules = [DEFAULT]
	sasl.kerberos.service.name = null
	sasl.kerberos.ticket.renew.jitter = 0.05
	sasl.kerberos.ticket.renew.window.factor = 0.8
	sasl.login.callback.handler.class = null
	sasl.login.class = null
	sasl.login.refresh.buffer.seconds = 300
	sasl.login.refresh.min.period.seconds = 60
	sasl.login.refresh.window.factor = 0.8
	sasl.login.refresh.window.jitter = 0.05
	sasl.mechanism.inter.broker.protocol = GSSAPI
	sasl.server.callback.handler.class = null
	security.inter.broker.protocol = PLAINTEXT
	security.providers = null
	socket.receive.buffer.bytes = 102400
	socket.request.max.bytes = 104857600
	socket.send.buffer.bytes = 102400
	ssl.cipher.suites = []
	ssl.client.auth = none
	ssl.enabled.protocols = [TLSv1.2, TLSv1.3]
	ssl.endpoint.identification.algorithm = https
	ssl.engine.factory.class = null
	ssl.key.password = null
	ssl.keymanager.algorithm = SunX509
	ssl.keystore.location = null
	ssl.keystore.password = null
	ssl.keystore.type = JKS
	ssl.principal.mapping.rules = DEFAULT
	ssl.protocol = TLSv1.3
	ssl.provider = null
	ssl.secure.random.implementation = null
	ssl.trustmanager.algorithm = PKIX
	ssl.truststore.location = null
	ssl.truststore.password = null
	ssl.truststore.type = JKS
	transaction.abort.timed.out.transaction.cleanup.interval.ms = 10000
	transaction.max.timeout.ms = 900000
	transaction.remove.expired.transaction.cleanup.interval.ms = 3600000
	transaction.state.log.load.buffer.size = 5242880
	transaction.state.log.min.isr = 1
	transaction.state.log.num.partitions = 50
	transaction.state.log.replication.factor = 1
	transaction.state.log.segment.bytes = 104857600
	transactional.id.expiration.ms = 604800000
	unclean.leader.election.enable = false
	zookeeper.clientCnxnSocket = null
	zookeeper.connect = localhost:2181
	zookeeper.connection.timeout.ms = 18000
	zookeeper.max.in.flight.requests = 10
	zookeeper.session.timeout.ms = 18000
	zookeeper.set.acl = false
	zookeeper.ssl.cipher.suites = null
	zookeeper.ssl.client.enable = false
	zookeeper.ssl.crl.enable = false
	zookeeper.ssl.enabled.protocols = null
	zookeeper.ssl.endpoint.identification.algorithm = HTTPS
	zookeeper.ssl.keystore.location = null
	zookeeper.ssl.keystore.password = null
	zookeeper.ssl.keystore.type = null
	zookeeper.ssl.ocsp.enable = false
	zookeeper.ssl.protocol = TLSv1.2
	zookeeper.ssl.truststore.location = null
	zookeeper.ssl.truststore.password = null
	zookeeper.ssl.truststore.type = null
	zookeeper.sync.time.ms = 2000
 (kafka.server.KafkaConfig)
[2024-11-15 08:46:45,789] INFO [ThrottledChannelReaper-Fetch]: Starting (kafka.server.ClientQuotaManager$ThrottledChannelReaper)
[2024-11-15 08:46:45,811] INFO [ThrottledChannelReaper-Request]: Starting (kafka.server.ClientQuotaManager$ThrottledChannelReaper)
[2024-11-15 08:46:45,812] INFO [ThrottledChannelReaper-Produce]: Starting (kafka.server.ClientQuotaManager$ThrottledChannelReaper)
[2024-11-15 08:46:45,840] INFO Log directory /tmp/kafka-logs not found, creating it. (kafka.log.LogManager)
[2024-11-15 08:46:45,845] INFO Loading logs from log dirs ArrayBuffer(/tmp/kafka-logs) (kafka.log.LogManager)
[2024-11-15 08:46:45,846] INFO Attempting recovery for all logs in /tmp/kafka-logs since no clean shutdown file was found (kafka.log.LogManager)
[2024-11-15 08:46:45,856] INFO Loaded 0 logs in 11ms. (kafka.log.LogManager)
[2024-11-15 08:46:45,868] INFO Starting log cleanup with a period of 300000 ms. (kafka.log.LogManager)
[2024-11-15 08:46:45,872] INFO Starting log flusher with a default period of 9223372036854775807 ms. (kafka.log.LogManager)
[2024-11-15 08:46:46,330] INFO Awaiting socket connections on 0.0.0.0:9092. (kafka.network.Acceptor)
[2024-11-15 08:46:46,401] INFO [SocketServer brokerId=0] Created data-plane acceptor and processors for endpoint : ListenerName(PLAINTEXT) (kafka.network.SocketServer)
[2024-11-15 08:46:46,432] INFO [ExpirationReaper-0-Produce]: Starting (kafka.server.DelayedOperationPurgatory$ExpiredOperationReaper)
[2024-11-15 08:46:46,433] INFO [ExpirationReaper-0-Fetch]: Starting (kafka.server.DelayedOperationPurgatory$ExpiredOperationReaper)
[2024-11-15 08:46:46,435] INFO [ExpirationReaper-0-DeleteRecords]: Starting (kafka.server.DelayedOperationPurgatory$ExpiredOperationReaper)
[2024-11-15 08:46:46,437] INFO [ExpirationReaper-0-ElectLeader]: Starting (kafka.server.DelayedOperationPurgatory$ExpiredOperationReaper)
[2024-11-15 08:46:46,455] INFO [LogDirFailureHandler]: Starting (kafka.server.ReplicaManager$LogDirFailureHandler)
[2024-11-15 08:46:46,482] INFO Creating /brokers/ids/0 (is it secure? false) (kafka.zk.KafkaZkClient)
[2024-11-15 08:46:46,529] INFO Stat of the created znode at /brokers/ids/0 is: 24,24,1731660406509,1731660406509,1,0,0,72057674334863360,188,0,24
 (kafka.zk.KafkaZkClient)
[2024-11-15 08:46:46,530] INFO Registered broker 0 at path /brokers/ids/0 with addresses: PLAINTEXT://localhost:9092, czxid (broker epoch): 24 (kafka.zk.KafkaZkClient)
[2024-11-15 08:46:46,640] INFO [ExpirationReaper-0-topic]: Starting (kafka.server.DelayedOperationPurgatory$ExpiredOperationReaper)
[2024-11-15 08:46:46,641] INFO [ExpirationReaper-0-Heartbeat]: Starting (kafka.server.DelayedOperationPurgatory$ExpiredOperationReaper)
[2024-11-15 08:46:46,657] INFO Successfully created /controller_epoch with initial epoch 0 (kafka.zk.KafkaZkClient)
[2024-11-15 08:46:46,661] INFO [ExpirationReaper-0-Rebalance]: Starting (kafka.server.DelayedOperationPurgatory$ExpiredOperationReaper)
[2024-11-15 08:46:46,679] INFO [GroupCoordinator 0]: Starting up. (kafka.coordinator.group.GroupCoordinator)
[2024-11-15 08:46:46,681] INFO [GroupCoordinator 0]: Startup complete. (kafka.coordinator.group.GroupCoordinator)
[2024-11-15 08:46:46,694] INFO [GroupMetadataManager brokerId=0] Removed 0 expired offsets in 7 milliseconds. (kafka.coordinator.group.GroupMetadataManager)
[2024-11-15 08:46:46,703] INFO [ProducerId Manager 0]: Acquired new producerId block (brokerId:0,blockStartProducerId:0,blockEndProducerId:999) by writing to Zk with path version 1 (kafka.coordinator.transaction.ProducerIdManager)
[2024-11-15 08:46:46,725] INFO [TransactionCoordinator id=0] Starting up. (kafka.coordinator.transaction.TransactionCoordinator)
[2024-11-15 08:46:46,726] INFO [TransactionCoordinator id=0] Startup complete. (kafka.coordinator.transaction.TransactionCoordinator)
[2024-11-15 08:46:46,736] INFO [Transaction Marker Channel Manager 0]: Starting (kafka.coordinator.transaction.TransactionMarkerChannelManager)
[2024-11-15 08:46:46,757] INFO [ExpirationReaper-0-AlterAcls]: Starting (kafka.server.DelayedOperationPurgatory$ExpiredOperationReaper)
[2024-11-15 08:46:46,779] INFO [/config/changes-event-process-thread]: Starting (kafka.common.ZkNodeChangeNotificationListener$ChangeEventProcessThread)
[2024-11-15 08:46:46,800] INFO [SocketServer brokerId=0] Starting socket server acceptors and processors (kafka.network.SocketServer)
[2024-11-15 08:46:46,841] INFO [SocketServer brokerId=0] Started data-plane acceptor and processor(s) for endpoint : ListenerName(PLAINTEXT) (kafka.network.SocketServer)
[2024-11-15 08:46:46,842] INFO [SocketServer brokerId=0] Started socket server acceptors and processors (kafka.network.SocketServer)
[2024-11-15 08:46:46,857] INFO Kafka version: 2.6.0 (org.apache.kafka.common.utils.AppInfoParser)
[2024-11-15 08:46:46,857] INFO Kafka commitId: 62abe01bee039651 (org.apache.kafka.common.utils.AppInfoParser)
[2024-11-15 08:46:46,857] INFO Kafka startTimeMs: 1731660406842 (org.apache.kafka.common.utils.AppInfoParser)
[2024-11-15 08:46:46,858] INFO [KafkaServer id=0] started (kafka.server.KafkaServer)
[2024-11-15 08:48:55,324] INFO Creating topic tp-meteo with configuration {} and initial partition assignment Map(0 -> ArrayBuffer(0)) (kafka.zk.AdminZkClient)
[2024-11-15 08:48:55,342] INFO [KafkaApi-0] Auto creation of topic tp-meteo with 1 partitions and replication factor 1 is successful (kafka.server.KafkaApis)
[2024-11-15 08:48:55,426] INFO [ReplicaFetcherManager on broker 0] Removed fetcher for partitions Set(tp-meteo-0) (kafka.server.ReplicaFetcherManager)
[2024-11-15 08:48:55,488] INFO [Log partition=tp-meteo-0, dir=/tmp/kafka-logs] Loading producer state till offset 0 with message format version 2 (kafka.log.Log)
[2024-11-15 08:48:55,495] INFO Created log for partition tp-meteo-0 in /tmp/kafka-logs/tp-meteo-0 with properties {compression.type -> producer, message.format.version -> 2.6-IV0, max.compaction.lag.ms -> 9223372036854775807, file.delete.delay.ms -> 60000, max.message.bytes -> 1048588, min.compaction.lag.ms -> 0, message.timestamp.type -> CreateTime, min.insync.replicas -> 1, message.downconversion.enable -> true, segment.jitter.ms -> 0, preallocate -> false, index.interval.bytes -> 4096, min.cleanable.dirty.ratio -> 0.5, unclean.leader.election.enable -> false, retention.bytes -> -1, delete.retention.ms -> 86400000, cleanup.policy -> [delete], flush.ms -> 9223372036854775807, segment.bytes -> 1073741824, retention.ms -> 604800000, segment.ms -> 604800000, message.timestamp.difference.max.ms -> 9223372036854775807, flush.messages -> 9223372036854775807, segment.index.bytes -> 10485760}. (kafka.log.LogManager)
[2024-11-15 08:48:55,497] INFO [Partition tp-meteo-0 broker=0] No checkpointed highwatermark is found for partition tp-meteo-0 (kafka.cluster.Partition)
[2024-11-15 08:48:55,497] INFO [Partition tp-meteo-0 broker=0] Log loaded for partition tp-meteo-0 with initial high watermark 0 (kafka.cluster.Partition)
